RAM 1626/3956MB (lfb 7x4MB) SWAP 324/1978MB (cached 11MB) CPU [0%@921,0%@921,1%@921,0%@921] EMC_FREQ 0% GR3D_FREQ 0% PLL@21.5C CPU@24C iwlwifi@32C PMIC@100C GPU@24C AO@32C thermal@24.5C POM_5V_IN 1807/1807 POM_5V_GPU 78/78 POM_5V_CPU 196/196
RAM 1627/3956MB (lfb 7x4MB) SWAP 324/1978MB (cached 11MB) CPU [2%@921,2%@921,8%@921,5%@921] EMC_FREQ 0% GR3D_FREQ 2% PLL@21.5C CPU@24.5C iwlwifi@35C PMIC@100C GPU@24.5C AO@32.5C thermal@24.5C POM_5V_IN 2079/1943 POM_5V_GPU 156/117 POM_5V_CPU 274/235
RAM 1627/3956MB (lfb 7x4MB) SWAP 324/1978MB (cached 11MB) CPU [0%@921,0%@921,0%@921,0%@921] EMC_FREQ 0% GR3D_FREQ 0% PLL@21.5C CPU@24.5C iwlwifi@32C PMIC@100C GPU@24C AO@32C thermal@24.25C POM_5V_IN 1807/1897 POM_5V_GPU 78/104 POM_5V_CPU 196/222
RAM 1627/3956MB (lfb 7x4MB) SWAP 324/1978MB (cached 11MB) CPU [2%@921,0%@921,1%@921,0%@921] EMC_FREQ 0% GR3D_FREQ 0% PLL@21.5C CPU@24C iwlwifi@31C PMIC@100C GPU@24C AO@32C thermal@24.25C POM_5V_IN 1807/1875 POM_5V_GPU 78/97 POM_5V_CPU 196/215
RAM 1627/3956MB (lfb 7x4MB) SWAP 324/1978MB (cached 11MB) CPU [1%@921,0%@921,3%@921,2%@921] EMC_FREQ 0% GR3D_FREQ 0% PLL@21.5C CPU@24C iwlwifi@30C PMIC@100C GPU@24C AO@32C thermal@24.25C POM_5V_IN 1807/1861 POM_5V_GPU 78/93 POM_5V_CPU 196/211
RAM 1627/3956MB (lfb 7x4MB) SWAP 324/1978MB (cached 11MB) CPU [1%@921,1%@921,0%@921,1%@921] EMC_FREQ 0% GR3D_FREQ 0% PLL@21.5C CPU@24.5C iwlwifi@30C PMIC@100C GPU@24C AO@32C thermal@24.25C POM_5V_IN 1925/1872 POM_5V_GPU 117/97 POM_5V_CPU 196/209
RAM 1627/3956MB (lfb 7x4MB) SWAP 324/1978MB (cached 11MB) CPU [0%@921,0%@921,1%@921,0%@921] EMC_FREQ 0% GR3D_FREQ 0% PLL@22C CPU@24C iwlwifi@30C PMIC@100C GPU@24C AO@32C thermal@24C POM_5V_IN 1807/1862 POM_5V_GPU 78/94 POM_5V_CPU 196/207
RAM 1627/3956MB (lfb 7x4MB) SWAP 324/1978MB (cached 11MB) CPU [0%@921,0%@921,1%@921,1%@921] EMC_FREQ 0% GR3D_FREQ 0% PLL@22C CPU@24.5C iwlwifi@30C PMIC@100C GPU@24C AO@32C thermal@24C POM_5V_IN 1925/1870 POM_5V_GPU 117/97 POM_5V_CPU 196/205
RAM 1628/3956MB (lfb 7x4MB) SWAP 324/1978MB (cached 11MB) CPU [1%@921,0%@921,1%@921,0%@921] EMC_FREQ 0% GR3D_FREQ 0% PLL@21.5C CPU@24C iwlwifi@30C PMIC@100C GPU@24C AO@32C thermal@24.25C POM_5V_IN 1807/1863 POM_5V_GPU 78/95 POM_5V_CPU 196/204
RAM 1628/3956MB (lfb 7x4MB) SWAP 324/1978MB (cached 11MB) CPU [1%@921,1%@921,0%@921,1%@921] EMC_FREQ 0% GR3D_FREQ 0% PLL@22C CPU@24.5C iwlwifi@30C PMIC@100C GPU@24C AO@32C thermal@24C POM_5V_IN 1886/1865 POM_5V_GPU 117/97 POM_5V_CPU 196/203
RAM 1628/3956MB (lfb 7x4MB) SWAP 324/1978MB (cached 11MB) CPU [0%@921,0%@921,2%@921,1%@921] EMC_FREQ 0% GR3D_FREQ 0% PLL@21.5C CPU@24.5C iwlwifi@30C PMIC@100C GPU@24C AO@32C thermal@24C POM_5V_IN 1807/1860 POM_5V_GPU 78/95 POM_5V_CPU 196/203
RAM 1628/3956MB (lfb 7x4MB) SWAP 324/1978MB (cached 11MB) CPU [0%@921,0%@921,0%@921,1%@921] EMC_FREQ 0% GR3D_FREQ 0% PLL@21.5C CPU@24.5C iwlwifi@30C PMIC@100C GPU@23.5C AO@32C thermal@24C POM_5V_IN 1807/1855 POM_5V_GPU 78/94 POM_5V_CPU 196/202
RAM 1628/3956MB (lfb 7x4MB) SWAP 324/1978MB (cached 11MB) CPU [1%@921,0%@921,0%@921,0%@921] EMC_FREQ 0% GR3D_FREQ 0% PLL@22C CPU@24.5C iwlwifi@32C PMIC@100C GPU@24.5C AO@32C thermal@24.25C POM_5V_IN 1807/1852 POM_5V_GPU 78/93 POM_5V_CPU 196/202
RAM 1628/3956MB (lfb 7x4MB) SWAP 324/1978MB (cached 11MB) CPU [2%@921,0%@921,0%@921,1%@921] EMC_FREQ 0% GR3D_FREQ 0% PLL@21.5C CPU@24C iwlwifi@30C PMIC@100C GPU@24C AO@32C thermal@24C POM_5V_IN 1807/1848 POM_5V_GPU 78/91 POM_5V_CPU 196/201
RAM 1628/3956MB (lfb 7x4MB) SWAP 324/1978MB (cached 11MB) CPU [0%@921,0%@921,0%@921,0%@921] EMC_FREQ 0% GR3D_FREQ 0% PLL@22C CPU@24.5C iwlwifi@30C PMIC@100C GPU@24C AO@32C thermal@24.5C POM_5V_IN 1768/1843 POM_5V_GPU 78/91 POM_5V_CPU 196/201
RAM 1628/3956MB (lfb 7x4MB) SWAP 324/1978MB (cached 11MB) CPU [0%@921,0%@921,0%@921,1%@921] EMC_FREQ 0% GR3D_FREQ 0% PLL@21.5C CPU@24C iwlwifi@30C PMIC@100C GPU@24C AO@32C thermal@24.25C POM_5V_IN 1807/1841 POM_5V_GPU 78/90 POM_5V_CPU 196/200
RAM 1628/3956MB (lfb 7x4MB) SWAP 324/1978MB (cached 11MB) CPU [0%@921,0%@921,1%@921,1%@921] EMC_FREQ 0% GR3D_FREQ 0% PLL@21.5C CPU@24.5C iwlwifi@30C PMIC@100C GPU@24.5C AO@32C thermal@24.25C POM_5V_IN 1807/1839 POM_5V_GPU 78/89 POM_5V_CPU 196/200
RAM 1628/3956MB (lfb 7x4MB) SWAP 324/1978MB (cached 11MB) CPU [0%@921,0%@921,2%@921,1%@921] EMC_FREQ 0% GR3D_FREQ 0% PLL@21.5C CPU@24C iwlwifi@30C PMIC@100C GPU@24.5C AO@32C thermal@24.5C POM_5V_IN 1807/1837 POM_5V_GPU 78/88 POM_5V_CPU 196/200
RAM 1628/3956MB (lfb 7x4MB) SWAP 324/1978MB (cached 11MB) CPU [1%@921,0%@921,0%@921,0%@921] EMC_FREQ 0% GR3D_FREQ 0% PLL@21.5C CPU@24C iwlwifi@30C PMIC@100C GPU@24C AO@32C thermal@24.25C POM_5V_IN 1807/1835 POM_5V_GPU 78/88 POM_5V_CPU 196/200
RAM 1628/3956MB (lfb 7x4MB) SWAP 324/1978MB (cached 11MB) CPU [0%@921,1%@921,0%@921,1%@921] EMC_FREQ 0% GR3D_FREQ 0% PLL@21.5C CPU@24C iwlwifi@30C PMIC@100C GPU@24C AO@32C thermal@24.5C POM_5V_IN 1807/1834 POM_5V_GPU 78/87 POM_5V_CPU 196/199
RAM 1628/3956MB (lfb 7x4MB) SWAP 324/1978MB (cached 11MB) CPU [0%@921,0%@921,0%@921,0%@921] EMC_FREQ 0% GR3D_FREQ 0% PLL@21.5C CPU@24C iwlwifi@30C PMIC@100C GPU@24C AO@32C thermal@24C POM_5V_IN 1807/1833 POM_5V_GPU 78/87 POM_5V_CPU 196/199
RAM 1628/3956MB (lfb 7x4MB) SWAP 324/1978MB (cached 11MB) CPU [0%@921,0%@921,1%@921,1%@921] EMC_FREQ 0% GR3D_FREQ 0% PLL@21.5C CPU@24.5C iwlwifi@30C PMIC@100C GPU@24C AO@31.5C thermal@24C POM_5V_IN 1807/1831 POM_5V_GPU 78/86 POM_5V_CPU 196/199
RAM 1628/3956MB (lfb 7x4MB) SWAP 324/1978MB (cached 11MB) CPU [0%@921,0%@921,1%@921,0%@921] EMC_FREQ 0% GR3D_FREQ 0% PLL@22C CPU@24.5C iwlwifi@33C PMIC@100C GPU@24C AO@31.5C thermal@24.25C POM_5V_IN 1804/1830 POM_5V_GPU 78/86 POM_5V_CPU 196/199
RAM 1628/3956MB (lfb 7x4MB) SWAP 324/1978MB (cached 11MB) CPU [2%@921,0%@921,8%@921,8%@921] EMC_FREQ 0% GR3D_FREQ 0% PLL@21.5C CPU@24.5C iwlwifi@32C PMIC@100C GPU@24C AO@32C thermal@24.25C POM_5V_IN 1807/1829 POM_5V_GPU 78/86 POM_5V_CPU 196/199
RAM 1629/3956MB (lfb 7x4MB) SWAP 324/1978MB (cached 11MB) CPU [0%@921,0%@921,0%@921,2%@921] EMC_FREQ 0% GR3D_FREQ 0% PLL@22C CPU@24C iwlwifi@30C PMIC@100C GPU@24C AO@32C thermal@24C POM_5V_IN 1807/1828 POM_5V_GPU 78/85 POM_5V_CPU 196/199
RAM 1628/3956MB (lfb 7x4MB) SWAP 324/1978MB (cached 11MB) CPU [0%@921,0%@921,2%@921,1%@921] EMC_FREQ 0% GR3D_FREQ 0% PLL@21.5C CPU@24.5C iwlwifi@30C PMIC@100C GPU@24C AO@32C thermal@24C POM_5V_IN 1807/1827 POM_5V_GPU 78/85 POM_5V_CPU 196/199
RAM 1629/3956MB (lfb 7x4MB) SWAP 324/1978MB (cached 11MB) CPU [1%@921,0%@921,1%@921,1%@921] EMC_FREQ 0% GR3D_FREQ 0% PLL@22C CPU@24C iwlwifi@30C PMIC@100C GPU@24C AO@32C thermal@24.25C POM_5V_IN 1807/1827 POM_5V_GPU 78/85 POM_5V_CPU 196/198
RAM 1629/3956MB (lfb 7x4MB) SWAP 324/1978MB (cached 11MB) CPU [2%@921,0%@921,1%@921,1%@921] EMC_FREQ 0% GR3D_FREQ 0% PLL@21.5C CPU@24.5C iwlwifi@30C PMIC@100C GPU@24C AO@32C thermal@24C POM_5V_IN 1846/1827 POM_5V_GPU 78/84 POM_5V_CPU 196/198
RAM 1629/3956MB (lfb 7x4MB) SWAP 324/1978MB (cached 11MB) CPU [2%@921,1%@921,3%@921,3%@921] EMC_FREQ 0% GR3D_FREQ 0% PLL@21.5C CPU@24.5C iwlwifi@32C PMIC@100C GPU@23.5C AO@32C thermal@24C POM_5V_IN 1807/1827 POM_5V_GPU 78/84 POM_5V_CPU 196/198
RAM 1629/3956MB (lfb 7x4MB) SWAP 324/1978MB (cached 11MB) CPU [1%@921,0%@921,2%@921,2%@921] EMC_FREQ 0% GR3D_FREQ 0% PLL@21.5C CPU@24.5C iwlwifi@32C PMIC@100C GPU@23.5C AO@32C thermal@24.25C POM_5V_IN 1807/1826 POM_5V_GPU 78/84 POM_5V_CPU 196/198
RAM 1629/3956MB (lfb 7x4MB) SWAP 324/1978MB (cached 11MB) CPU [0%@921,0%@921,1%@921,1%@921] EMC_FREQ 0% GR3D_FREQ 0% PLL@21.5C CPU@24.5C iwlwifi@30C PMIC@100C GPU@24C AO@32C thermal@24.25C POM_5V_IN 1807/1825 POM_5V_GPU 78/84 POM_5V_CPU 196/198
RAM 1629/3956MB (lfb 7x4MB) SWAP 324/1978MB (cached 11MB) CPU [1%@921,0%@921,0%@921,1%@921] EMC_FREQ 0% GR3D_FREQ 0% PLL@21.5C CPU@24.5C iwlwifi@30C PMIC@100C GPU@24C AO@32C thermal@24C POM_5V_IN 1807/1825 POM_5V_GPU 78/84 POM_5V_CPU 196/198
RAM 1629/3956MB (lfb 7x4MB) SWAP 324/1978MB (cached 11MB) CPU [0%@921,0%@921,1%@921,1%@921] EMC_FREQ 0% GR3D_FREQ 0% PLL@21.5C CPU@24.5C iwlwifi@30C PMIC@100C GPU@24C AO@32C thermal@24.25C POM_5V_IN 1807/1824 POM_5V_GPU 78/83 POM_5V_CPU 196/198
